::1 - [08/Sep/2016:16:52:53 -0500] "GET / HTTP/1.1" 200 4747
::1 - [08/Sep/2016:16:52:53 -0500] "GET /css/normalize.css HTTP/1.1" 200 7797
::1 - [08/Sep/2016:16:52:53 -0500] "GET /js/highlight.pack.js HTTP/1.1" 200 63972
::1 - [08/Sep/2016:16:52:53 -0500] "GET /css/custom.css HTTP/1.1" 200 1670
::1 - [08/Sep/2016:16:52:53 -0500] "GET /css/skeleton.css HTTP/1.1" 200 11452
::1 - [08/Sep/2016:16:52:54 -0500] "GET /favicon.ico HTTP/1.1" 404 14
::1 - [08/Sep/2016:16:54:00 -0500] "GET /admin HTTP/1.1" 401 17
::1 - [08/Sep/2016:16:54:06 -0500] "GET /admin HTTP/1.1" 404 14
::1 - [08/Sep/2016:17:20:05 -0500] "GET / HTTP/1.1" 200 4747
::1 - [08/Sep/2016:17:20:08 -0500] "GET /admin HTTP/1.1" 307 43
::1 - [08/Sep/2016:17:20:08 -0500] "GET /admin/ HTTP/1.1" 200 13932
::1 - [08/Sep/2016:17:20:08 -0500] "GET /admin/_filemanagerinternal/css/styles.css HTTP/1.1" 200 19281
::1 - [08/Sep/2016:17:20:08 -0500] "GET /admin/_filemanagerinternal/js/form2js.js HTTP/1.1" 200 10092
::1 - [08/Sep/2016:17:20:08 -0500] "GET /admin/_hugointernal/js/application.js HTTP/1.1" 200 5295
::1 - [08/Sep/2016:17:20:08 -0500] "GET /admin/_filemanagerinternal/js/application.js HTTP/1.1" 200 28552
::1 - [08/Sep/2016:17:20:12 -0500] "GET /admin/content/ HTTP/1.1" 200 5539
::1 - [08/Sep/2016:17:20:12 -0500] "GET /admin/_hugointernal/js/application.js HTTP/1.1" 200 5295
::1 - [08/Sep/2016:17:20:12 -0500] "GET /admin/_filemanagerinternal/js/application.js HTTP/1.1" 200 28552
::1 - [08/Sep/2016:17:20:12 -0500] "GET /admin/_filemanagerinternal/css/styles.css HTTP/1.1" 200 19281
::1 - [08/Sep/2016:17:20:12 -0500] "GET /admin/_filemanagerinternal/js/form2js.js HTTP/1.1" 200 10092
::1 - [08/Sep/2016:17:20:14 -0500] "GET /admin/content/2016/ HTTP/1.1" 200 13372
::1 - [08/Sep/2016:17:20:14 -0500] "GET /admin/_filemanagerinternal/css/styles.css HTTP/1.1" 200 19281
::1 - [08/Sep/2016:17:20:14 -0500] "GET /admin/_filemanagerinternal/js/form2js.js HTTP/1.1" 200 10092
::1 - [08/Sep/2016:17:20:14 -0500] "GET /admin/_filemanagerinternal/js/application.js HTTP/1.1" 200 28552
::1 - [08/Sep/2016:17:20:14 -0500] "GET /admin/_hugointernal/js/application.js HTTP/1.1" 200 5295
::1 - [08/Sep/2016:17:20:15 -0500] "GET /admin/content/2016/benefits_for_military.md HTTP/1.1" 200 15576
::1 - [08/Sep/2016:17:20:15 -0500] "GET /admin/_filemanagerinternal/css/styles.css HTTP/1.1" 200 19281
::1 - [08/Sep/2016:17:20:15 -0500] "GET /admin/_filemanagerinternal/js/form2js.js HTTP/1.1" 200 10092
::1 - [08/Sep/2016:17:20:15 -0500] "GET /admin/_filemanagerinternal/js/application.js HTTP/1.1" 200 28552
::1 - [08/Sep/2016:17:20:15 -0500] "GET /admin/_hugointernal/js/application.js HTTP/1.1" 200 5295
::1 - [08/Sep/2016:17:21:14 -0500] "GET /admin/settings/ HTTP/1.1" 307 54
::1 - [08/Sep/2016:17:21:14 -0500] "GET /admin/config.toml HTTP/1.1" 200 6868
::1 - [08/Sep/2016:17:21:14 -0500] "GET /admin/_filemanagerinternal/css/styles.css HTTP/1.1" 200 19281
::1 - [08/Sep/2016:17:21:14 -0500] "GET /admin/_filemanagerinternal/js/form2js.js HTTP/1.1" 200 10092
::1 - [08/Sep/2016:17:21:14 -0500] "GET /admin/_filemanagerinternal/js/application.js HTTP/1.1" 200 28552
::1 - [08/Sep/2016:17:21:14 -0500] "GET /admin/_hugointernal/js/application.js HTTP/1.1" 200 5295
::1 - [08/Sep/2016:17:21:22 -0500] "PUT /admin/config.toml HTTP/1.1" 200 0
::1 - [08/Sep/2016:17:21:29 -0500] "GET /admin/ HTTP/1.1" 200 13935
::1 - [08/Sep/2016:17:21:29 -0500] "GET /admin/_filemanagerinternal/css/styles.css HTTP/1.1" 200 19281
::1 - [08/Sep/2016:17:21:30 -0500] "GET /admin/_filemanagerinternal/js/form2js.js HTTP/1.1" 200 10092
::1 - [08/Sep/2016:17:21:30 -0500] "GET /admin/_hugointernal/js/application.js HTTP/1.1" 200 5295
::1 - [08/Sep/2016:17:21:30 -0500] "GET /admin/_filemanagerinternal/js/application.js HTTP/1.1" 200 28552
::1 - [08/Sep/2016:17:21:31 -0500] "GET /admin/content/ HTTP/1.1" 200 5539
::1 - [08/Sep/2016:17:21:31 -0500] "GET /admin/_filemanagerinternal/css/styles.css HTTP/1.1" 200 19281
::1 - [08/Sep/2016:17:21:31 -0500] "GET /admin/_filemanagerinternal/js/application.js HTTP/1.1" 200 28552
::1 - [08/Sep/2016:17:21:31 -0500] "GET /admin/_hugointernal/js/application.js HTTP/1.1" 200 5295
::1 - [08/Sep/2016:17:21:31 -0500] "GET /admin/_filemanagerinternal/js/form2js.js HTTP/1.1" 200 10092
::1 - [08/Sep/2016:17:21:33 -0500] "GET /admin/content/2016/ HTTP/1.1" 200 13372
::1 - [08/Sep/2016:17:21:33 -0500] "GET /admin/_filemanagerinternal/css/styles.css HTTP/1.1" 200 19281
::1 - [08/Sep/2016:17:21:33 -0500] "GET /admin/_filemanagerinternal/js/form2js.js HTTP/1.1" 200 10092
::1 - [08/Sep/2016:17:21:33 -0500] "GET /admin/_hugointernal/js/application.js HTTP/1.1" 200 5295
::1 - [08/Sep/2016:17:21:33 -0500] "GET /admin/_filemanagerinternal/js/application.js HTTP/1.1" 200 28552
::1 - [08/Sep/2016:17:21:34 -0500] "GET /admin/content/2016/benefits_for_military.md HTTP/1.1" 200 15576
::1 - [08/Sep/2016:17:21:34 -0500] "GET /admin/_filemanagerinternal/css/styles.css HTTP/1.1" 200 19281
::1 - [08/Sep/2016:17:21:34 -0500] "GET /admin/_filemanagerinternal/js/form2js.js HTTP/1.1" 200 10092
::1 - [08/Sep/2016:17:21:34 -0500] "GET /admin/_filemanagerinternal/js/application.js HTTP/1.1" 200 28552
::1 - [08/Sep/2016:17:21:34 -0500] "GET /admin/_hugointernal/js/application.js HTTP/1.1" 200 5295
::1 - [08/Sep/2016:17:21:39 -0500] "GET /admin/content/2016/jvmgc-log-parsing.md HTTP/1.1" 200 11720
::1 - [08/Sep/2016:17:21:39 -0500] "GET /admin/_hugointernal/js/application.js HTTP/1.1" 200 5295
::1 - [08/Sep/2016:17:21:39 -0500] "GET /admin/_filemanagerinternal/js/application.js HTTP/1.1" 200 28552
::1 - [08/Sep/2016:17:21:39 -0500] "GET /admin/_filemanagerinternal/js/form2js.js HTTP/1.1" 200 10092
::1 - [08/Sep/2016:17:21:39 -0500] "GET /admin/_filemanagerinternal/css/styles.css HTTP/1.1" 200 19281
::1 - [08/Sep/2016:17:21:46 -0500] "GET /admin/content/2016/managed_file_transfer_shenanigans.md HTTP/1.1" 200 13510
::1 - [08/Sep/2016:17:21:46 -0500] "GET /admin/_filemanagerinternal/css/styles.css HTTP/1.1" 200 19281
::1 - [08/Sep/2016:17:21:46 -0500] "GET /admin/_hugointernal/js/application.js HTTP/1.1" 200 5295
::1 - [08/Sep/2016:17:21:46 -0500] "GET /admin/_filemanagerinternal/js/application.js HTTP/1.1" 200 28552
::1 - [08/Sep/2016:17:21:46 -0500] "GET /admin/_filemanagerinternal/js/form2js.js HTTP/1.1" 200 10092
::1 - [08/Sep/2016:17:21:51 -0500] "GET /admin/content/2016/benefits_for_military.md HTTP/1.1" 200 15576
::1 - [08/Sep/2016:17:21:51 -0500] "GET /admin/_filemanagerinternal/css/styles.css HTTP/1.1" 200 19281
::1 - [08/Sep/2016:17:21:51 -0500] "GET /admin/_hugointernal/js/application.js HTTP/1.1" 200 5295
::1 - [08/Sep/2016:17:21:51 -0500] "GET /admin/_filemanagerinternal/js/application.js HTTP/1.1" 200 28552
::1 - [08/Sep/2016:17:21:51 -0500] "GET /admin/_filemanagerinternal/js/form2js.js HTTP/1.1" 200 10092
::1 - [08/Sep/2016:20:17:13 -0500] "GET /admin/settings/ HTTP/1.1" 307 54
::1 - [08/Sep/2016:20:17:13 -0500] "GET /admin/config.toml HTTP/1.1" 200 6868
::1 - [08/Sep/2016:20:17:13 -0500] "GET /admin/_filemanagerinternal/css/styles.css HTTP/1.1" 200 19281
::1 - [08/Sep/2016:20:17:13 -0500] "GET /admin/_filemanagerinternal/js/form2js.js HTTP/1.1" 200 10092
::1 - [08/Sep/2016:20:17:13 -0500] "GET /admin/_filemanagerinternal/js/application.js HTTP/1.1" 200 28552
::1 - [08/Sep/2016:20:17:13 -0500] "GET /admin/_hugointernal/js/application.js HTTP/1.1" 200 5295
::1 - [08/Sep/2016:20:17:22 -0500] "GET /admin/settings/ HTTP/1.1" 307 54
::1 - [08/Sep/2016:20:17:22 -0500] "GET /admin/config.toml HTTP/1.1" 200 6868
::1 - [08/Sep/2016:20:17:22 -0500] "GET /admin/_filemanagerinternal/css/styles.css HTTP/1.1" 200 19281
::1 - [08/Sep/2016:20:17:22 -0500] "GET /admin/_filemanagerinternal/js/form2js.js HTTP/1.1" 200 10092
::1 - [08/Sep/2016:20:17:22 -0500] "GET /admin/_filemanagerinternal/js/application.js HTTP/1.1" 200 28552
::1 - [08/Sep/2016:20:17:22 -0500] "GET /admin/_hugointernal/js/application.js HTTP/1.1" 200 5295
::1 - [08/Sep/2016:20:17:29 -0500] "PUT /admin/config.toml HTTP/1.1" 200 0
::1 - [08/Sep/2016:20:17:32 -0500] "PUT /admin/config.toml HTTP/1.1" 200 0
::1 - [08/Sep/2016:20:17:33 -0500] "GET /admin/ HTTP/1.1" 200 13935
::1 - [08/Sep/2016:20:17:33 -0500] "GET /admin/_filemanagerinternal/css/styles.css HTTP/1.1" 200 19281
::1 - [08/Sep/2016:20:17:34 -0500] "GET /admin/_filemanagerinternal/js/application.js HTTP/1.1" 200 28552
::1 - [08/Sep/2016:20:17:34 -0500] "GET /admin/_filemanagerinternal/js/form2js.js HTTP/1.1" 200 10092
::1 - [08/Sep/2016:20:17:34 -0500] "GET /admin/_hugointernal/js/application.js HTTP/1.1" 200 5295
::1 - [08/Sep/2016:20:17:35 -0500] "GET /admin/content/ HTTP/1.1" 200 5539
::1 - [08/Sep/2016:20:17:35 -0500] "GET /admin/_hugointernal/js/application.js HTTP/1.1" 200 5295
::1 - [08/Sep/2016:20:17:35 -0500] "GET /admin/_filemanagerinternal/js/form2js.js HTTP/1.1" 200 10092
::1 - [08/Sep/2016:20:17:35 -0500] "GET /admin/_filemanagerinternal/js/application.js HTTP/1.1" 200 28552
::1 - [08/Sep/2016:20:17:35 -0500] "GET /admin/_filemanagerinternal/css/styles.css HTTP/1.1" 200 19281
::1 - [08/Sep/2016:20:17:36 -0500] "GET /admin/content/2016/ HTTP/1.1" 200 13372
::1 - [08/Sep/2016:20:17:36 -0500] "GET /admin/_filemanagerinternal/css/styles.css HTTP/1.1" 200 19281
::1 - [08/Sep/2016:20:17:36 -0500] "GET /admin/_filemanagerinternal/js/form2js.js HTTP/1.1" 200 10092
::1 - [08/Sep/2016:20:17:36 -0500] "GET /admin/_filemanagerinternal/js/application.js HTTP/1.1" 200 28552
::1 - [08/Sep/2016:20:17:36 -0500] "GET /admin/_hugointernal/js/application.js HTTP/1.1" 200 5295
::1 - [08/Sep/2016:20:17:38 -0500] "GET /admin/content/2016/benefits_for_military.md HTTP/1.1" 200 15576
::1 - [08/Sep/2016:20:17:38 -0500] "GET /admin/_filemanagerinternal/css/styles.css HTTP/1.1" 200 19281
::1 - [08/Sep/2016:20:17:38 -0500] "GET /admin/_filemanagerinternal/js/form2js.js HTTP/1.1" 200 10092
::1 - [08/Sep/2016:20:17:38 -0500] "GET /admin/_filemanagerinternal/js/application.js HTTP/1.1" 200 28552
::1 - [08/Sep/2016:20:17:38 -0500] "GET /admin/_hugointernal/js/application.js HTTP/1.1" 200 5295
::1 - [08/Sep/2016:20:18:00 -0500] "GET /admin/content/2016/benefits_for_military.md?raw=true HTTP/1.1" 200 9540
::1 - [08/Sep/2016:20:18:21 -0500] "PUT /admin/content/2016/benefits_for_military.md HTTP/1.1" 403 14
::1 - [08/Sep/2016:20:18:26 -0500] "GET /admin/content/2016/benefits_for_military.md HTTP/1.1" 200 15576
::1 - [08/Sep/2016:20:18:26 -0500] "GET /admin/_filemanagerinternal/css/styles.css HTTP/1.1" 200 19281
::1 - [08/Sep/2016:20:18:26 -0500] "GET /admin/_filemanagerinternal/js/application.js HTTP/1.1" 200 28552
::1 - [08/Sep/2016:20:18:26 -0500] "GET /admin/_filemanagerinternal/js/form2js.js HTTP/1.1" 200 10092
::1 - [08/Sep/2016:20:18:26 -0500] "GET /admin/_hugointernal/js/application.js HTTP/1.1" 200 5295
::1 - [08/Sep/2016:20:18:30 -0500] "GET /admin/content/2016/jvmgc-log-parsing.md HTTP/1.1" 200 11720
::1 - [08/Sep/2016:20:18:30 -0500] "GET /admin/_filemanagerinternal/css/styles.css HTTP/1.1" 200 19281
::1 - [08/Sep/2016:20:18:30 -0500] "GET /admin/_filemanagerinternal/js/form2js.js HTTP/1.1" 200 10092
::1 - [08/Sep/2016:20:18:30 -0500] "GET /admin/_hugointernal/js/application.js HTTP/1.1" 200 5295
::1 - [08/Sep/2016:20:18:30 -0500] "GET /admin/_filemanagerinternal/js/application.js HTTP/1.1" 200 28552
::1 - [08/Sep/2016:20:18:38 -0500] "GET /admin/content/2016/jlinker-demo.md HTTP/1.1" 200 7638
::1 - [08/Sep/2016:20:18:38 -0500] "GET /admin/_filemanagerinternal/css/styles.css HTTP/1.1" 200 19281
::1 - [08/Sep/2016:20:18:38 -0500] "GET /admin/_hugointernal/js/application.js HTTP/1.1" 200 5295
::1 - [08/Sep/2016:20:18:38 -0500] "GET /admin/_filemanagerinternal/js/application.js HTTP/1.1" 200 28552
::1 - [08/Sep/2016:20:18:38 -0500] "GET /admin/_filemanagerinternal/js/form2js.js HTTP/1.1" 200 10092
::1 - [08/Sep/2016:20:18:51 -0500] "GET /admin/content/2016/trackello.md HTTP/1.1" 200 9198
::1 - [08/Sep/2016:20:18:51 -0500] "GET /admin/_filemanagerinternal/css/styles.css HTTP/1.1" 200 19281
::1 - [08/Sep/2016:20:18:51 -0500] "GET /admin/_filemanagerinternal/js/application.js HTTP/1.1" 200 28552
::1 - [08/Sep/2016:20:18:51 -0500] "GET /admin/_filemanagerinternal/js/form2js.js HTTP/1.1" 200 10092
::1 - [08/Sep/2016:20:18:51 -0500] "GET /admin/_hugointernal/js/application.js HTTP/1.1" 200 5295
::1 - [08/Sep/2016:20:19:01 -0500] "PUT /admin/content/2016/trackello.md HTTP/1.1" 200 0
::1 - [08/Sep/2016:20:19:06 -0500] "PUT /admin/content/2016/trackello.md HTTP/1.1" 200 0
::1 - [08/Sep/2016:20:19:19 -0500] "PUT /admin/content/2016/trackello.md HTTP/1.1" 200 0
::1 - [08/Sep/2016:20:19:21 -0500] "PUT /admin/content/2016/trackello.md HTTP/1.1" 200 0
::1 - [08/Sep/2016:20:19:22 -0500] "PUT /admin/content/2016/trackello.md HTTP/1.1" 200 0
::1 - [09/Sep/2016:20:33:13 -0500] "GET / HTTP/1.1" 200 5994
::1 - [09/Sep/2016:20:33:14 -0500] "GET /2015/leadership_testing_and_training/ HTTP/1.1" 200 3935
::1 - [09/Sep/2016:20:33:14 -0500] "GET /2015/leadership_testing_and_training/js/highlight.pack.js HTTP/1.1" 404 14
::1 - [09/Sep/2016:20:33:21 -0500] "GET /admin HTTP/1.1" 307 43
::1 - [09/Sep/2016:20:33:21 -0500] "GET /admin/ HTTP/1.1" 200 14644
::1 - [09/Sep/2016:20:33:21 -0500] "GET /admin/_filemanagerinternal/css/styles.css HTTP/1.1" 200 19281
::1 - [09/Sep/2016:20:33:21 -0500] "GET /admin/_filemanagerinternal/js/form2js.js HTTP/1.1" 200 10092
::1 - [09/Sep/2016:20:33:21 -0500] "GET /admin/_hugointernal/js/application.js HTTP/1.1" 200 5295
::1 - [09/Sep/2016:20:33:21 -0500] "GET /admin/_filemanagerinternal/js/application.js HTTP/1.1" 200 28552
::1 - [09/Sep/2016:20:33:23 -0500] "GET /admin/settings/ HTTP/1.1" 307 54
::1 - [09/Sep/2016:20:33:23 -0500] "GET /admin/config.toml HTTP/1.1" 200 6868
::1 - [09/Sep/2016:20:33:23 -0500] "GET /admin/_filemanagerinternal/css/styles.css HTTP/1.1" 200 19281
::1 - [09/Sep/2016:20:33:23 -0500] "GET /admin/_filemanagerinternal/js/form2js.js HTTP/1.1" 200 10092
::1 - [09/Sep/2016:20:33:23 -0500] "GET /admin/_filemanagerinternal/js/application.js HTTP/1.1" 200 28552
::1 - [09/Sep/2016:20:33:23 -0500] "GET /admin/_hugointernal/js/application.js HTTP/1.1" 200 5295
::1 - [09/Sep/2016:20:33:30 -0500] "GET /admin/ HTTP/1.1" 200 14644
::1 - [09/Sep/2016:20:33:30 -0500] "GET /admin/_filemanagerinternal/css/styles.css HTTP/1.1" 200 19281
::1 - [09/Sep/2016:20:33:30 -0500] "GET /admin/_hugointernal/js/application.js HTTP/1.1" 200 5295
::1 - [09/Sep/2016:20:33:30 -0500] "GET /admin/_filemanagerinternal/js/application.js HTTP/1.1" 200 28552
::1 - [09/Sep/2016:20:33:30 -0500] "GET /admin/_filemanagerinternal/js/form2js.js HTTP/1.1" 200 10092
::1 - [09/Sep/2016:20:33:35 -0500] "GET /admin/content/ HTTP/1.1" 200 5539
::1 - [09/Sep/2016:20:33:35 -0500] "GET /admin/_filemanagerinternal/css/styles.css HTTP/1.1" 200 19281
::1 - [09/Sep/2016:20:33:35 -0500] "GET /admin/_hugointernal/js/application.js HTTP/1.1" 200 5295
::1 - [09/Sep/2016:20:33:35 -0500] "GET /admin/_filemanagerinternal/js/form2js.js HTTP/1.1" 200 10092
::1 - [09/Sep/2016:20:33:35 -0500] "GET /admin/_filemanagerinternal/js/application.js HTTP/1.1" 200 28552
::1 - [09/Sep/2016:20:33:36 -0500] "GET /admin/content/2016/ HTTP/1.1" 200 13372
::1 - [09/Sep/2016:20:33:36 -0500] "GET /admin/_filemanagerinternal/css/styles.css HTTP/1.1" 200 19281
::1 - [09/Sep/2016:20:33:36 -0500] "GET /admin/_filemanagerinternal/js/application.js HTTP/1.1" 200 28552
::1 - [09/Sep/2016:20:33:36 -0500] "GET /admin/_filemanagerinternal/js/form2js.js HTTP/1.1" 200 10092
::1 - [09/Sep/2016:20:33:36 -0500] "GET /admin/_hugointernal/js/application.js HTTP/1.1" 200 5295
::1 - [09/Sep/2016:20:33:42 -0500] "GET /admin/content/2016/wekan_ubuntu.md HTTP/1.1" 200 5590
::1 - [09/Sep/2016:20:33:42 -0500] "GET /admin/_filemanagerinternal/css/styles.css HTTP/1.1" 200 19281
::1 - [09/Sep/2016:20:33:42 -0500] "GET /admin/_hugointernal/js/application.js HTTP/1.1" 200 5295
::1 - [09/Sep/2016:20:33:42 -0500] "GET /admin/_filemanagerinternal/js/application.js HTTP/1.1" 200 28552
::1 - [09/Sep/2016:20:33:42 -0500] "GET /admin/_filemanagerinternal/js/form2js.js HTTP/1.1" 200 10092
